<?xml version="1.0" encoding="UTF-8"?>
<!-- Generated by org.testng.reporters.JUnitReportReporter -->
<testsuite skipped="1" hostname="DESKTOP-7GVQ1KM" name="com.mailerlite.qa.testcases.LoginPageTest" tests="1" failures="0" timestamp="20 Jan 2021 19:01:13 GMT" time="0.000" errors="0">
  <testcase name="loginTest" time="0.000" classname="com.mailerlite.qa.testcases.LoginPageTest">
    <skipped/>
  </testcase> <!-- loginTest -->
</testsuite> <!-- com.mailerlite.qa.testcases.LoginPageTest -->
